

Started GET "/" for 127.0.0.1 at 2014-12-23 01:16:38 +0700
Processing by Rails::WelcomeController#index as HTML
  Rendered /home/unnamed/.rvm/gems/ruby-2.1.5/gems/railties-4.2.0/lib/rails/templates/rails/welcome/index.html.erb (20.8ms)
Completed 200 OK in 141ms (Views: 96.2ms | ActiveRecord: 0.0ms)


Started GET "/rails/info/properties" for 127.0.0.1 at 2014-12-23 01:16:40 +0700
Processing by Rails::InfoController#properties as */*
  Rendered /home/unnamed/.rvm/gems/ruby-2.1.5/gems/railties-4.2.0/lib/rails/templates/rails/info/properties.html.erb (0.4ms)
Completed 200 OK in 199ms (Views: 36.2ms | ActiveRecord: 18.9ms)
  [1m[36m (20.8ms)[0m  [1mCREATE TABLE "schema_migrations" ("version" varchar NOT NULL) [0m
  [1m[35m (0.1ms)[0m  select sqlite_version(*)
  [1m[36m (13.9ms)[0m  [1mCREATE UNIQUE INDEX "unique_schema_migrations" ON "schema_migrations" ("version")[0m
  [1m[35mActiveRecord::SchemaMigration Load (0.1ms)[0m  SELECT "schema_migrations".* FROM "schema_migrations"
Migrating to CreateUsers (20141222181818)
  [1m[36m (0.1ms)[0m  [1mbegin transaction[0m
  [1m[35m (0.5ms)[0m  CREATE TABLE "users" ("id" INTEGER PRIMARY KEY AUTOINCREMENT NOT NULL, "name" varchar, "email" varchar, "created_at" datetime NOT NULL, "updated_at" datetime NOT NULL) 
  [1m[36mSQL (0.3ms)[0m  [1mINSERT INTO "schema_migrations" ("version") VALUES (?)[0m  [["version", "20141222181818"]]
  [1m[35m (6.2ms)[0m  commit transaction
  [1m[36mActiveRecord::SchemaMigration Load (0.1ms)[0m  [1mSELECT "schema_migrations".* FROM "schema_migrations"[0m


Started GET "/" for 127.0.0.1 at 2014-12-23 01:18:48 +0700
  [1m[36mActiveRecord::SchemaMigration Load (0.1ms)[0m  [1mSELECT "schema_migrations".* FROM "schema_migrations"[0m
Processing by Rails::WelcomeController#index as HTML
  Rendered /home/unnamed/.rvm/gems/ruby-2.1.5/gems/railties-4.2.0/lib/rails/templates/rails/welcome/index.html.erb (2.9ms)
Completed 200 OK in 33ms (Views: 9.8ms | ActiveRecord: 0.0ms)


Started GET "/users" for 127.0.0.1 at 2014-12-23 01:18:52 +0700
Processing by UsersController#index as HTML
  [1m[35mUser Load (0.1ms)[0m  SELECT "users".* FROM "users"
  Rendered users/index.html.erb within layouts/application (3.3ms)
Completed 200 OK in 928ms (Views: 926.4ms | ActiveRecord: 0.2ms)


Started GET "/assets/scaffold-2d8b7094fa8d1b1a8fd721ea2dd07e0e.css?body=1" for 127.0.0.1 at 2014-12-23 01:18:53 +0700


Started GET "/assets/users-cd88f31488e05ff408c89482270cd472.css?body=1" for 127.0.0.1 at 2014-12-23 01:18:53 +0700


Started GET "/assets/application-28976ceac9dd00a4bc1d8bfd6ea6d4f8.css?body=1" for 127.0.0.1 at 2014-12-23 01:18:53 +0700


Started GET "/assets/jquery-ea2706bc2d0586731b7c00ec2cd0a414.js?body=1" for 127.0.0.1 at 2014-12-23 01:18:53 +0700


Started GET "/assets/turbolinks-924184401b7d116eadaaefc96895fa84.js?body=1" for 127.0.0.1 at 2014-12-23 01:18:53 +0700


Started GET "/assets/jquery_ujs-99f13489684e179b71ca7517fb74318d.js?body=1" for 127.0.0.1 at 2014-12-23 01:18:53 +0700


Started GET "/assets/users-520f000de9c4179bc5a11504b602dff1.js?body=1" for 127.0.0.1 at 2014-12-23 01:18:53 +0700


Started GET "/assets/application-94aa5ffa7538c0443cd05e3f9660cdae.js?body=1" for 127.0.0.1 at 2014-12-23 01:18:53 +0700


Started GET "/users/new" for 127.0.0.1 at 2014-12-23 01:18:55 +0700
Processing by UsersController#new as HTML
  Rendered users/_form.html.erb (126.2ms)
  Rendered users/new.html.erb within layouts/application (145.7ms)
Completed 200 OK in 199ms (Views: 194.6ms | ActiveRecord: 0.2ms)


Started POST "/users" for 127.0.0.1 at 2014-12-23 01:19:07 +0700
Processing by UsersController#create as HTML
  Parameters: {"utf8"=>"✓", "authenticity_token"=>"gs6i6/DjrwJxyjvB/EXzgltg3aQw4RP7nv62GHBs/nHiq0+XCKUndnALM7ZSF74ns2pfSnAKp8salVjykU3JOQ==", "user"=>{"name"=>"Depa", "email"=>"depa@depa.com"}, "commit"=>"Create User"}
  [1m[36m (0.1ms)[0m  [1mbegin transaction[0m
  [1m[35mSQL (0.3ms)[0m  INSERT INTO "users" ("name", "email", "created_at", "updated_at") VALUES (?, ?, ?, ?)  [["name", "Depa"], ["email", "depa@depa.com"], ["created_at", "2014-12-22 18:19:07.420377"], ["updated_at", "2014-12-22 18:19:07.420377"]]
  [1m[36m (48.0ms)[0m  [1mcommit transaction[0m
Redirected to http://localhost:3000/users/1
Completed 302 Found in 55ms (ActiveRecord: 48.4ms)


Started GET "/users/1" for 127.0.0.1 at 2014-12-23 01:19:07 +0700
Processing by UsersController#show as HTML
  Parameters: {"id"=>"1"}
  [1m[35mUser Load (7.1ms)[0m  SELECT  "users".* FROM "users" WHERE "users"."id" = ? LIMIT 1  [["id", 1]]
  Rendered users/show.html.erb within layouts/application (0.9ms)
Completed 200 OK in 106ms (Views: 47.8ms | ActiveRecord: 7.1ms)


Started GET "/users" for 127.0.0.1 at 2014-12-23 01:19:09 +0700
Processing by UsersController#index as HTML
  [1m[36mUser Load (0.1ms)[0m  [1mSELECT "users".* FROM "users"[0m
  Rendered users/index.html.erb within layouts/application (1.6ms)
Completed 200 OK in 45ms (Views: 44.8ms | ActiveRecord: 0.1ms)


Started GET "/users/new" for 127.0.0.1 at 2014-12-23 01:19:11 +0700
Processing by UsersController#new as HTML
  Rendered users/_form.html.erb (1.3ms)
  Rendered users/new.html.erb within layouts/application (2.7ms)
Completed 200 OK in 46ms (Views: 45.3ms | ActiveRecord: 0.0ms)


Started POST "/users" for 127.0.0.1 at 2014-12-23 01:19:20 +0700
Processing by UsersController#create as HTML
  Parameters: {"utf8"=>"✓", "authenticity_token"=>"neNGnI2OXMZlCrv0dDmGkF57V6VcdwvANlBANcFGokv9hqvgdcjUsmTLs4Paa8s1tnHVSxycv/CyO67fIGeVAw==", "user"=>{"name"=>"Panjie", "email"=>"panjie@panjie.com"}, "commit"=>"Create User"}
  [1m[35m (0.1ms)[0m  begin transaction
  [1m[36mSQL (0.2ms)[0m  [1mINSERT INTO "users" ("name", "email", "created_at", "updated_at") VALUES (?, ?, ?, ?)[0m  [["name", "Panjie"], ["email", "panjie@panjie.com"], ["created_at", "2014-12-22 18:19:20.455941"], ["updated_at", "2014-12-22 18:19:20.455941"]]
  [1m[35m (30.9ms)[0m  commit transaction
Redirected to http://localhost:3000/users/2
Completed 302 Found in 38ms (ActiveRecord: 31.2ms)


Started GET "/users/2" for 127.0.0.1 at 2014-12-23 01:19:20 +0700
Processing by UsersController#show as HTML
  Parameters: {"id"=>"2"}
  [1m[36mUser Load (0.1ms)[0m  [1mSELECT  "users".* FROM "users" WHERE "users"."id" = ? LIMIT 1[0m  [["id", 2]]
  Rendered users/show.html.erb within layouts/application (1.1ms)
Completed 200 OK in 45ms (Views: 43.9ms | ActiveRecord: 0.1ms)


Started GET "/users" for 127.0.0.1 at 2014-12-23 01:19:21 +0700
Processing by UsersController#index as HTML
  [1m[35mUser Load (0.1ms)[0m  SELECT "users".* FROM "users"
  Rendered users/index.html.erb within layouts/application (1.3ms)
Completed 200 OK in 72ms (Views: 71.0ms | ActiveRecord: 0.1ms)


Started GET "/users/new" for 127.0.0.1 at 2014-12-23 01:19:22 +0700
Processing by UsersController#new as HTML
  Rendered users/_form.html.erb (1.5ms)
  Rendered users/new.html.erb within layouts/application (3.2ms)
Completed 200 OK in 50ms (Views: 49.0ms | ActiveRecord: 0.0ms)


Started POST "/users" for 127.0.0.1 at 2014-12-23 01:19:31 +0700
Processing by UsersController#create as HTML
  Parameters: {"utf8"=>"✓", "authenticity_token"=>"6HJYxj6KcdK9JKFrLTgJe3+pyFX/pw8o1LbFLnNdRy+IF7W6xsz5przlqRyDakTel6NKu79MuxhQ3SvEknxwZw==", "user"=>{"name"=>"Purnama", "email"=>"purnama@purnama.com"}, "commit"=>"Create User"}
  [1m[36m (0.1ms)[0m  [1mbegin transaction[0m
  [1m[35mSQL (0.2ms)[0m  INSERT INTO "users" ("name", "email", "created_at", "updated_at") VALUES (?, ?, ?, ?)  [["name", "Purnama"], ["email", "purnama@purnama.com"], ["created_at", "2014-12-22 18:19:31.096149"], ["updated_at", "2014-12-22 18:19:31.096149"]]
  [1m[36m (22.0ms)[0m  [1mcommit transaction[0m
Redirected to http://localhost:3000/users/3
Completed 302 Found in 28ms (ActiveRecord: 22.3ms)


Started GET "/users/3" for 127.0.0.1 at 2014-12-23 01:19:31 +0700
Processing by UsersController#show as HTML
  Parameters: {"id"=>"3"}
  [1m[35mUser Load (0.1ms)[0m  SELECT  "users".* FROM "users" WHERE "users"."id" = ? LIMIT 1  [["id", 3]]
  Rendered users/show.html.erb within layouts/application (0.3ms)
Completed 200 OK in 46ms (Views: 45.8ms | ActiveRecord: 0.1ms)


Started GET "/users" for 127.0.0.1 at 2014-12-23 01:19:32 +0700
Processing by UsersController#index as HTML
  [1m[36mUser Load (0.1ms)[0m  [1mSELECT "users".* FROM "users"[0m
  Rendered users/index.html.erb within layouts/application (1.5ms)
Completed 200 OK in 43ms (Views: 42.6ms | ActiveRecord: 0.1ms)
  [1m[36mActiveRecord::SchemaMigration Load (0.1ms)[0m  [1mSELECT "schema_migrations".* FROM "schema_migrations"[0m
Migrating to CreateMicroposts (20141222182035)
  [1m[35m (0.1ms)[0m  begin transaction
  [1m[36m (0.4ms)[0m  [1mCREATE TABLE "microposts" ("id" INTEGER PRIMARY KEY AUTOINCREMENT NOT NULL, "content" varchar, "user_id" integer, "created_at" datetime NOT NULL, "updated_at" datetime NOT NULL) [0m
  [1m[35mSQL (0.3ms)[0m  INSERT INTO "schema_migrations" ("version") VALUES (?)  [["version", "20141222182035"]]
  [1m[36m (30.4ms)[0m  [1mcommit transaction[0m
  [1m[35mActiveRecord::SchemaMigration Load (0.1ms)[0m  SELECT "schema_migrations".* FROM "schema_migrations"


Started GET "/micropost" for 127.0.0.1 at 2014-12-23 01:21:10 +0700
  [1m[36mActiveRecord::SchemaMigration Load (0.1ms)[0m  [1mSELECT "schema_migrations".* FROM "schema_migrations"[0m

ActionController::RoutingError (No route matches [GET] "/micropost"):
  web-console (2.0.0) lib/action_dispatch/debug_exceptions.rb:22:in `middleware_call'
  web-console (2.0.0) lib/action_dispatch/debug_exceptions.rb:13:in `call'
  actionpack (4.2.0) lib/action_dispatch/middleware/show_exceptions.rb:30:in `call'
  railties (4.2.0) lib/rails/rack/logger.rb:38:in `call_app'
  railties (4.2.0) lib/rails/rack/logger.rb:20:in `block in call'
  activesupport (4.2.0) lib/active_support/tagged_logging.rb:68:in `block in tagged'
  activesupport (4.2.0) lib/active_support/tagged_logging.rb:26:in `tagged'
  activesupport (4.2.0) lib/active_support/tagged_logging.rb:68:in `tagged'
  railties (4.2.0) lib/rails/rack/logger.rb:20:in `call'
  actionpack (4.2.0) lib/action_dispatch/middleware/request_id.rb:21:in `call'
  rack (1.6.0) lib/rack/methodoverride.rb:22:in `call'
  rack (1.6.0) lib/rack/runtime.rb:18:in `call'
  activesupport (4.2.0) lib/active_support/cache/strategy/local_cache_middleware.rb:28:in `call'
  rack (1.6.0) lib/rack/lock.rb:17:in `call'
  actionpack (4.2.0) lib/action_dispatch/middleware/static.rb:113:in `call'
  rack (1.6.0) lib/rack/sendfile.rb:113:in `call'
  railties (4.2.0) lib/rails/engine.rb:518:in `call'
  railties (4.2.0) lib/rails/application.rb:164:in `call'
  rack (1.6.0) lib/rack/lock.rb:17:in `call'
  rack (1.6.0) lib/rack/content_length.rb:15:in `call'
  rack (1.6.0) lib/rack/handler/webrick.rb:89:in `service'
  /home/unnamed/.rvm/rubies/ruby-2.1.5/lib/ruby/2.1.0/webrick/httpserver.rb:138:in `service'
  /home/unnamed/.rvm/rubies/ruby-2.1.5/lib/ruby/2.1.0/webrick/httpserver.rb:94:in `run'
  /home/unnamed/.rvm/rubies/ruby-2.1.5/lib/ruby/2.1.0/webrick/server.rb:295:in `block in start_thread'


  Rendered /home/unnamed/.rvm/gems/ruby-2.1.5/gems/web-console-2.0.0/lib/action_dispatch/templates/rescues/_trace.html.erb (0.9ms)
  Rendered /home/unnamed/.rvm/gems/ruby-2.1.5/gems/web-console-2.0.0/lib/action_dispatch/templates/routes/_route.html.erb (1.4ms)
  Rendered /home/unnamed/.rvm/gems/ruby-2.1.5/gems/web-console-2.0.0/lib/action_dispatch/templates/routes/_table.html.erb (17.4ms)
  Rendered /home/unnamed/.rvm/gems/ruby-2.1.5/gems/web-console-2.0.0/lib/action_dispatch/templates/rescues/_request_and_response.html.erb (22.5ms)
  Rendered /home/unnamed/.rvm/gems/ruby-2.1.5/gems/web-console-2.0.0/lib/action_dispatch/templates/rescues/_web_console.html.erb (1.1ms)
  Rendered /home/unnamed/.rvm/gems/ruby-2.1.5/gems/web-console-2.0.0/lib/action_dispatch/templates/rescues/routing_error.html.erb within rescues/layout (108.4ms)


Started GET "/microposts" for 127.0.0.1 at 2014-12-23 01:21:15 +0700
Processing by MicropostsController#index as HTML
  [1m[35mMicropost Load (0.1ms)[0m  SELECT "microposts".* FROM "microposts"
  Rendered microposts/index.html.erb within layouts/application (1.9ms)
Completed 200 OK in 128ms (Views: 124.7ms | ActiveRecord: 0.2ms)


Started GET "/assets/microposts-cd88f31488e05ff408c89482270cd472.css?body=1" for 127.0.0.1 at 2014-12-23 01:21:16 +0700


Started GET "/assets/microposts-520f000de9c4179bc5a11504b602dff1.js?body=1" for 127.0.0.1 at 2014-12-23 01:21:16 +0700


Started GET "/assets/application-ea8ff3caca8be34c5074f3ad7e156725.js?body=1" for 127.0.0.1 at 2014-12-23 01:21:16 +0700


Started GET "/assets/application-18df821390a385561067fce4b2757b98.css?body=1" for 127.0.0.1 at 2014-12-23 01:21:16 +0700


Started GET "/microposts/new" for 127.0.0.1 at 2014-12-23 01:21:17 +0700
Processing by MicropostsController#new as HTML
  Rendered microposts/_form.html.erb (65.0ms)
  Rendered microposts/new.html.erb within layouts/application (67.5ms)
Completed 200 OK in 131ms (Views: 126.6ms | ActiveRecord: 0.2ms)


Started POST "/microposts" for 127.0.0.1 at 2014-12-23 01:21:24 +0700
Processing by MicropostsController#create as HTML
  Parameters: {"utf8"=>"✓", "authenticity_token"=>"WZinl6RYVLjQrVodaNpEh39QLNrNscEMHi/hYAVld2M5/UrrXB7czNFsUmrGiAkil1quNI1adTyaRA+K5ERAKw==", "micropost"=>{"content"=>"Pertama", "user_id"=>"1"}, "commit"=>"Create Micropost"}
  [1m[36m (0.1ms)[0m  [1mbegin transaction[0m
  [1m[35mSQL (0.7ms)[0m  INSERT INTO "microposts" ("content", "user_id", "created_at", "updated_at") VALUES (?, ?, ?, ?)  [["content", "Pertama"], ["user_id", 1], ["created_at", "2014-12-22 18:21:24.649369"], ["updated_at", "2014-12-22 18:21:24.649369"]]
  [1m[36m (44.0ms)[0m  [1mcommit transaction[0m
Redirected to http://localhost:3000/microposts/1
Completed 302 Found in 53ms (ActiveRecord: 44.7ms)


Started GET "/microposts/1" for 127.0.0.1 at 2014-12-23 01:21:24 +0700
Processing by MicropostsController#show as HTML
  Parameters: {"id"=>"1"}
  [1m[35mMicropost Load (0.2ms)[0m  SELECT  "microposts".* FROM "microposts" WHERE "microposts"."id" = ? LIMIT 1  [["id", 1]]
  Rendered microposts/show.html.erb within layouts/application (0.8ms)
Completed 200 OK in 64ms (Views: 58.2ms | ActiveRecord: 0.2ms)


Started GET "/microposts" for 127.0.0.1 at 2014-12-23 01:21:26 +0700
Processing by MicropostsController#index as HTML
  [1m[36mMicropost Load (0.2ms)[0m  [1mSELECT "microposts".* FROM "microposts"[0m
  Rendered microposts/index.html.erb within layouts/application (2.4ms)
Completed 200 OK in 63ms (Views: 62.6ms | ActiveRecord: 0.2ms)


Started GET "/microposts/new" for 127.0.0.1 at 2014-12-23 01:21:27 +0700
Processing by MicropostsController#new as HTML
  Rendered microposts/_form.html.erb (2.2ms)
  Rendered microposts/new.html.erb within layouts/application (3.4ms)
Completed 200 OK in 81ms (Views: 80.6ms | ActiveRecord: 0.0ms)


Started POST "/microposts" for 127.0.0.1 at 2014-12-23 01:21:30 +0700
Processing by MicropostsController#create as HTML
  Parameters: {"utf8"=>"✓", "authenticity_token"=>"FFL/NKtbSFSk/+e04A8IEaU8+jFSZSyp8X7mci38Jlp0NxJIUx3AIKU+78NOXUW0TTZ43xKOmJl1FQiYzN0REg==", "micropost"=>{"content"=>"Kedua", "user_id"=>"2"}, "commit"=>"Create Micropost"}
  [1m[35m (0.1ms)[0m  begin transaction
  [1m[36mSQL (0.3ms)[0m  [1mINSERT INTO "microposts" ("content", "user_id", "created_at", "updated_at") VALUES (?, ?, ?, ?)[0m  [["content", "Kedua"], ["user_id", 2], ["created_at", "2014-12-22 18:21:30.564831"], ["updated_at", "2014-12-22 18:21:30.564831"]]
  [1m[35m (28.9ms)[0m  commit transaction
Redirected to http://localhost:3000/microposts/2
Completed 302 Found in 33ms (ActiveRecord: 29.3ms)


Started GET "/microposts/2" for 127.0.0.1 at 2014-12-23 01:21:30 +0700
Processing by MicropostsController#show as HTML
  Parameters: {"id"=>"2"}
  [1m[36mMicropost Load (0.1ms)[0m  [1mSELECT  "microposts".* FROM "microposts" WHERE "microposts"."id" = ? LIMIT 1[0m  [["id", 2]]
  Rendered microposts/show.html.erb within layouts/application (0.4ms)
Completed 200 OK in 70ms (Views: 68.7ms | ActiveRecord: 0.1ms)


Started GET "/microposts" for 127.0.0.1 at 2014-12-23 01:21:32 +0700
Processing by MicropostsController#index as HTML
  [1m[35mMicropost Load (0.1ms)[0m  SELECT "microposts".* FROM "microposts"
  Rendered microposts/index.html.erb within layouts/application (1.4ms)
Completed 200 OK in 57ms (Views: 55.5ms | ActiveRecord: 0.1ms)


Started GET "/microposts" for 127.0.0.1 at 2014-12-23 01:23:31 +0700
Processing by MicropostsController#index as HTML
Completed 500 Internal Server Error in 3ms

NoMethodError (undefined method `attr_accessible' for #<Class:0xcafc268>):
  app/models/micropost.rb:2:in `<class:Micropost>'
  app/models/micropost.rb:1:in `<top (required)>'
  app/controllers/microposts_controller.rb:7:in `index'


  Rendered /home/unnamed/.rvm/gems/ruby-2.1.5/gems/web-console-2.0.0/lib/action_dispatch/templates/rescues/_source.erb (7.0ms)
  Rendered /home/unnamed/.rvm/gems/ruby-2.1.5/gems/web-console-2.0.0/lib/action_dispatch/templates/rescues/_trace.html.erb (2.8ms)
  Rendered /home/unnamed/.rvm/gems/ruby-2.1.5/gems/web-console-2.0.0/lib/action_dispatch/templates/rescues/_request_and_response.html.erb (0.9ms)
  Rendered /home/unnamed/.rvm/gems/ruby-2.1.5/gems/web-console-2.0.0/lib/action_dispatch/templates/rescues/_web_console.html.erb (0.6ms)
  Rendered /home/unnamed/.rvm/gems/ruby-2.1.5/gems/web-console-2.0.0/lib/action_dispatch/templates/rescues/diagnostics.html.erb within rescues/layout (27.8ms)


Started GET "/microposts" for 127.0.0.1 at 2014-12-23 01:25:45 +0700
  [1m[36mActiveRecord::SchemaMigration Load (0.1ms)[0m  [1mSELECT "schema_migrations".* FROM "schema_migrations"[0m
Processing by MicropostsController#index as HTML
  [1m[35mMicropost Load (0.2ms)[0m  SELECT "microposts".* FROM "microposts"
  Rendered microposts/index.html.erb within layouts/application (6.9ms)
Completed 200 OK in 166ms (Views: 145.4ms | ActiveRecord: 0.4ms)


Started GET "/assets/microposts-cd88f31488e05ff408c89482270cd472.css?body=1" for 127.0.0.1 at 2014-12-23 01:25:45 +0700


Started GET "/assets/scaffold-2d8b7094fa8d1b1a8fd721ea2dd07e0e.css?body=1" for 127.0.0.1 at 2014-12-23 01:25:45 +0700


Started GET "/assets/users-cd88f31488e05ff408c89482270cd472.css?body=1" for 127.0.0.1 at 2014-12-23 01:25:45 +0700


Started GET "/assets/application-18df821390a385561067fce4b2757b98.css?body=1" for 127.0.0.1 at 2014-12-23 01:25:45 +0700


Started GET "/assets/jquery-ea2706bc2d0586731b7c00ec2cd0a414.js?body=1" for 127.0.0.1 at 2014-12-23 01:25:45 +0700


Started GET "/assets/turbolinks-924184401b7d116eadaaefc96895fa84.js?body=1" for 127.0.0.1 at 2014-12-23 01:25:45 +0700


Started GET "/assets/jquery_ujs-99f13489684e179b71ca7517fb74318d.js?body=1" for 127.0.0.1 at 2014-12-23 01:25:45 +0700


Started GET "/assets/microposts-520f000de9c4179bc5a11504b602dff1.js?body=1" for 127.0.0.1 at 2014-12-23 01:25:45 +0700


Started GET "/assets/users-520f000de9c4179bc5a11504b602dff1.js?body=1" for 127.0.0.1 at 2014-12-23 01:25:45 +0700


Started GET "/assets/application-ea8ff3caca8be34c5074f3ad7e156725.js?body=1" for 127.0.0.1 at 2014-12-23 01:25:45 +0700


Started GET "/microposts/new" for 127.0.0.1 at 2014-12-23 01:25:49 +0700
Processing by MicropostsController#new as HTML
  Rendered microposts/_form.html.erb (12.1ms)
  Rendered microposts/new.html.erb within layouts/application (15.5ms)
Completed 200 OK in 68ms (Views: 66.4ms | ActiveRecord: 0.0ms)


Started POST "/microposts" for 127.0.0.1 at 2014-12-23 01:26:00 +0700
Processing by MicropostsController#create as HTML
  Parameters: {"utf8"=>"✓", "authenticity_token"=>"+/O6aWPHkemv4L0BjLyyF9vmfjEH1NuG4+mUL3CMKbabllcVm4EZna4htXYi7v+yM+z830c/b7ZngnrFka0e/g==", "micropost"=>{"content"=>"New MicropostNew MicropostNew MicropostNew MicropostNew MicropostNew MicropostNew MicropostNew MicropostNew MicropostNew MicropostNew MicropostNew MicropostNew MicropostNew MicropostNew MicropostNew MicropostNew MicropostNew MicropostNew MicropostNew MicropostNew MicropostNew MicropostNew MicropostNew MicropostNew MicropostNew MicropostNew MicropostNew MicropostNew MicropostNew Micropost", "user_id"=>"3"}, "commit"=>"Create Micropost"}
  [1m[36m (0.1ms)[0m  [1mbegin transaction[0m
  [1m[35m (0.1ms)[0m  rollback transaction
  Rendered microposts/_form.html.erb (2.8ms)
  Rendered microposts/new.html.erb within layouts/application (4.2ms)
Completed 200 OK in 63ms (Views: 59.4ms | ActiveRecord: 0.2ms)


Started GET "/assets/microposts-cd88f31488e05ff408c89482270cd472.css?body=1" for 127.0.0.1 at 2014-12-23 01:26:00 +0700


Started GET "/assets/scaffold-2d8b7094fa8d1b1a8fd721ea2dd07e0e.css?body=1" for 127.0.0.1 at 2014-12-23 01:26:00 +0700


Started GET "/assets/users-cd88f31488e05ff408c89482270cd472.css?body=1" for 127.0.0.1 at 2014-12-23 01:26:00 +0700


Started GET "/assets/application-18df821390a385561067fce4b2757b98.css?body=1" for 127.0.0.1 at 2014-12-23 01:26:00 +0700


Started GET "/assets/jquery-ea2706bc2d0586731b7c00ec2cd0a414.js?body=1" for 127.0.0.1 at 2014-12-23 01:26:00 +0700


Started GET "/assets/turbolinks-924184401b7d116eadaaefc96895fa84.js?body=1" for 127.0.0.1 at 2014-12-23 01:26:00 +0700


Started GET "/assets/jquery_ujs-99f13489684e179b71ca7517fb74318d.js?body=1" for 127.0.0.1 at 2014-12-23 01:26:00 +0700


Started GET "/assets/users-520f000de9c4179bc5a11504b602dff1.js?body=1" for 127.0.0.1 at 2014-12-23 01:26:00 +0700


Started GET "/assets/microposts-520f000de9c4179bc5a11504b602dff1.js?body=1" for 127.0.0.1 at 2014-12-23 01:26:00 +0700


Started GET "/assets/application-ea8ff3caca8be34c5074f3ad7e156725.js?body=1" for 127.0.0.1 at 2014-12-23 01:26:00 +0700


Started GET "/microposts" for 127.0.0.1 at 2014-12-23 01:26:05 +0700
Processing by MicropostsController#index as HTML
  [1m[36mMicropost Load (0.1ms)[0m  [1mSELECT "microposts".* FROM "microposts"[0m
  Rendered microposts/index.html.erb within layouts/application (6.6ms)
Completed 200 OK in 65ms (Views: 64.0ms | ActiveRecord: 0.1ms)


Started GET "/assets/microposts-cd88f31488e05ff408c89482270cd472.css?body=1" for 127.0.0.1 at 2014-12-23 01:26:05 +0700


Started GET "/assets/scaffold-2d8b7094fa8d1b1a8fd721ea2dd07e0e.css?body=1" for 127.0.0.1 at 2014-12-23 01:26:05 +0700


Started GET "/assets/users-cd88f31488e05ff408c89482270cd472.css?body=1" for 127.0.0.1 at 2014-12-23 01:26:05 +0700


Started GET "/assets/application-18df821390a385561067fce4b2757b98.css?body=1" for 127.0.0.1 at 2014-12-23 01:26:05 +0700


Started GET "/assets/jquery-ea2706bc2d0586731b7c00ec2cd0a414.js?body=1" for 127.0.0.1 at 2014-12-23 01:26:05 +0700


Started GET "/assets/turbolinks-924184401b7d116eadaaefc96895fa84.js?body=1" for 127.0.0.1 at 2014-12-23 01:26:05 +0700


Started GET "/assets/microposts-520f000de9c4179bc5a11504b602dff1.js?body=1" for 127.0.0.1 at 2014-12-23 01:26:05 +0700


Started GET "/assets/jquery_ujs-99f13489684e179b71ca7517fb74318d.js?body=1" for 127.0.0.1 at 2014-12-23 01:26:05 +0700


Started GET "/assets/application-ea8ff3caca8be34c5074f3ad7e156725.js?body=1" for 127.0.0.1 at 2014-12-23 01:26:05 +0700


Started GET "/assets/users-520f000de9c4179bc5a11504b602dff1.js?body=1" for 127.0.0.1 at 2014-12-23 01:26:05 +0700
  [1m[36mUser Load (0.1ms)[0m  [1mSELECT  "users".* FROM "users"  ORDER BY "users"."id" ASC LIMIT 1[0m
  [1m[35mMicropost Load (0.4ms)[0m  SELECT "microposts".* FROM "microposts" WHERE "microposts"."user_id" = ?  [["user_id", 1]]
